[19:04:19.723][INFO][CraftTweaker-EarlyInit]: CraftTweaker is running on a Minecraft 1.20.1 production server modded with platform Forge
[19:04:19.736][INFO][CraftTweaker-EarlyInit]: Successfully injected RecipeFS file system
[19:04:19.786][INFO][CraftTweaker-Plugins]: Successfully identified and loaded plugin crafttweaker:builtin
[19:04:19.787][INFO][CraftTweaker-Plugins]: Successfully identified and loaded plugin crafttweaker:builtin_forge
[19:04:19.789][INFO][CraftTweaker-Plugins]: Successfully identified and loaded plugin createtweaker:main
[19:04:19.791][INFO][CraftTweaker-Plugins]: Successfully identified and loaded plugin farmersdelight:crafttweaker_plugin
[19:04:21.116][INFO][CraftTweaker]: The following mods have explicit CraftTweaker support through the default plugin:
[19:04:21.117][INFO][CraftTweaker]: - 'crafttweaker' at version '14.0.38'
[19:04:21.117][INFO][CraftTweaker]: - 'createtweaker' at version '4.0.9'
[19:04:21.117][INFO][CraftTweaker]: - 'farmersdelight' at version '1.20.1-1.2.4'
[19:04:23.499][INFO][CraftTweaker-ZenCode]: Started loading scripts for loader 'initialize'
[19:04:23.783][INFO][CraftTweaker-ZenCode]: Compiling and executing scripts
[19:04:23.801][INFO][CraftTweaker-ZenCode]: Successfully initialized modules [crafttweaker, expansions]
[19:04:23.856][INFO][CraftTweaker-ZenCode]: Execution for loader 'initialize' completed successfully
[19:04:32.326][INFO][CraftTweaker-ZenCode]: Started loading scripts for loader 'tags'
[19:04:32.339][INFO][CraftTweaker-ZenCode]: Compiling and executing scripts
[19:04:32.349][INFO][CraftTweaker-ZenCode]: Successfully initialized modules [crafttweaker, expansions]
[19:04:32.354][INFO][CraftTweaker-ZenCode]: Execution for loader 'tags' completed successfully
[19:04:33.224][INFO][CraftTweaker]: crafttweaker.reload.start
[19:04:33.228][INFO][CraftTweaker-ZenCode]: Started loading scripts for loader 'crafttweaker'
[19:04:33.242][INFO][CraftTweaker-ZenCode]: Compiling and executing scripts
[19:04:33.522][INFO][CraftTweaker-ZenCode]: Successfully initialized modules [mods, crafttweaker, expansions]
[19:04:33.527][INFO][CraftTweaker-ZenCode]: Execution for loader 'crafttweaker' completed successfully
[19:04:33.528][INFO][CraftTweaker]: crafttweaker.reload.complete
