[02abr2025 00:00:00.667] [Worker-Main-278/ERROR] [net.minecraft.world.entity.decoration.HangingEntity/]: Hanging entity at invalid position: BlockPos{x=-307, y=35, z=-536}
[02abr2025 00:00:00.675] [Worker-Main-278/ERROR] [net.minecraft.world.entity.decoration.HangingEntity/]: Hanging entity at invalid position: BlockPos{x=-307, y=35, z=-537}
[02abr2025 00:00:00.675] [Worker-Main-278/ERROR] [net.minecraft.world.entity.decoration.HangingEntity/]: Hanging entity at invalid position: BlockPos{x=-307, y=35, z=-535}
[02abr2025 00:00:00.675] [Worker-Main-278/ERROR] [net.minecraft.world.entity.decoration.HangingEntity/]: Hanging entity at invalid position: BlockPos{x=-303, y=27, z=-539}
[02abr2025 00:00:00.676] [Worker-Main-278/ERROR] [net.minecraft.world.entity.decoration.HangingEntity/]: Hanging entity at invalid position: BlockPos{x=-303, y=27, z=-533}
[02abr2025 00:00:00.677] [Worker-Main-278/ERROR] [net.minecraft.world.entity.decoration.HangingEntity/]: Hanging entity at invalid position: BlockPos{x=-299, y=34, z=-537}
[02abr2025 00:00:00.677] [Worker-Main-278/ERROR] [net.minecraft.world.entity.decoration.HangingEntity/]: Hanging entity at invalid position: BlockPos{x=-299, y=34, z=-536}
[02abr2025 00:00:00.678] [Worker-Main-278/ERROR] [net.minecraft.world.entity.decoration.HangingEntity/]: Hanging entity at invalid position: BlockPos{x=-299, y=34, z=-535}
[02abr2025 00:00:00.678] [Worker-Main-278/ERROR] [net.minecraft.world.entity.decoration.HangingEntity/]: Hanging entity at invalid position: BlockPos{x=-299, y=35, z=-537}
[02abr2025 00:00:00.679] [Worker-Main-278/ERROR] [net.minecraft.world.entity.decoration.HangingEntity/]: Hanging entity at invalid position: BlockPos{x=-299, y=35, z=-536}
[02abr2025 00:00:00.679] [Worker-Main-278/ERROR] [net.minecraft.world.entity.decoration.HangingEntity/]: Hanging entity at invalid position: BlockPos{x=-299, y=35, z=-535}
[02abr2025 00:03:45.950] [Server thread/WARN] [net.minecraft.server.level.ServerPlayerGameMode/]: Mismatch in destroy block pos: BlockPos{x=5010, y=142, z=939} BlockPos{x=5011, y=142, z=939}
[02abr2025 00:08:45.034] [Server thread/INFO] [net.minecraft.server.MinecraftServer/]: [Marek8007: Teleported Marek8007 to 4108.500000, 83.500000, 2976.500000]
[02abr2025 00:08:56.198] [Server thread/INFO] [net.minecraft.server.network.ServerGamePacketListenerImpl/]: Marek8007 lost connection: Disconnected
[02abr2025 00:08:56.199] [Server thread/INFO] [net.minecraft.server.MinecraftServer/]: Marek8007 left the game
[02abr2025 00:09:01.043] [User Authenticator #4/INFO] [net.minecraft.server.network.ServerLoginPacketListenerImpl/]: UUID of player Marek8007 is 006125c6-6d25-4e14-a40b-abb3ab566ea8
[02abr2025 00:09:04.432] [Server thread/INFO] [net.minecraft.server.players.PlayerList/]: Marek8007[/[fdfd::1a47:1de9]:61789] logged in with entity id 46764 at (4138.276454809171, 65.0, 2995.223079189)
[02abr2025 00:09:04.473] [Server thread/INFO] [net.minecraft.server.MinecraftServer/]: Marek8007 joined the game
[02abr2025 00:09:04.493] [Server thread/INFO] [Jade/]: Syncing config to Marek8007 (006125c6-6d25-4e14-a40b-abb3ab566ea8)
[02abr2025 00:09:04.506] [Server thread/INFO] [com.flansmod.common.FlansMod/]: Context[006125c6-6d25-4e14-a40b-abb3ab566ea8] updated from 'Player:'Marek8007'['overworld']' to 'Player:'Marek8007'['overworld']'
[02abr2025 00:09:30.017] [Server thread/INFO] [net.minecraft.server.MinecraftServer/]: [Marek8007: Teleported Marek8007 to 5133.500000, 77.500000, 1062.500000]
[02abr2025 00:10:03.722] [Server thread/INFO] [net.minecraft.server.MinecraftServer/]: [Marek8007: Teleported Marek8007 to 4392.500000, 74.500000, 2555.500000]
[02abr2025 00:10:28.993] [Server thread/INFO] [net.minecraft.server.MinecraftServer/]: [Marek8007: Teleported Marek8007 to 5174.500000, 74.500000, 1050.500000]
[02abr2025 00:10:33.648] [Server thread/INFO] [net.minecraft.server.network.ServerGamePacketListenerImpl/]: Marek8007 lost connection: Disconnected
[02abr2025 00:10:33.648] [Server thread/INFO] [net.minecraft.server.MinecraftServer/]: Marek8007 left the game
[02abr2025 00:10:39.032] [User Authenticator #5/INFO] [net.minecraft.server.network.ServerLoginPacketListenerImpl/]: UUID of player Marek8007 is 006125c6-6d25-4e14-a40b-abb3ab566ea8
[02abr2025 00:10:42.357] [Server thread/INFO] [net.minecraft.server.players.PlayerList/]: Marek8007[/[fdfd::1a47:1de9]:61804] logged in with entity id 48900 at (5171.29522171531, 75.0, 1051.7590373843025)
[02abr2025 00:10:42.380] [Server thread/INFO] [net.minecraft.server.MinecraftServer/]: Marek8007 joined the game
[02abr2025 00:10:42.392] [Server thread/INFO] [Jade/]: Syncing config to Marek8007 (006125c6-6d25-4e14-a40b-abb3ab566ea8)
[02abr2025 00:10:42.398] [Server thread/INFO] [com.flansmod.common.FlansMod/]: Context[006125c6-6d25-4e14-a40b-abb3ab566ea8] updated from 'Player:'Marek8007'['overworld']' to 'Player:'Marek8007'['overworld']'
[02abr2025 00:10:58.562] [Server thread/INFO] [net.minecraft.server.MinecraftServer/]: [Marek8007: Teleported Marek8007 to 4396.500000, 72.500000, 2561.500000]
[02abr2025 00:14:07.414] [Server thread/INFO] [net.minecraft.server.MinecraftServer/]: [Marek8007: Teleported Marek8007 to -1329.500000, 93.500000, 271.500000]
[02abr2025 00:15:27.361] [Server thread/INFO] [net.minecraft.server.MinecraftServer/]: [Marek8007: Teleported Marek8007 to -1488.500000, 69.500000, 323.500000]
[02abr2025 00:15:39.102] [Server thread/INFO] [net.minecraft.server.MinecraftServer/]: [Marek8007: Teleported Marek8007 to -1140.500000, 76.500000, 541.500000]
[02abr2025 00:16:07.282] [Server thread/INFO] [net.minecraft.server.MinecraftServer/]: [Marek8007: Teleported Marek8007 to -1329.500000, 93.500000, 271.500000]
[02abr2025 00:16:23.649] [Server thread/INFO] [net.minecraft.server.MinecraftServer/]: [Marek8007: Teleported Marek8007 to 5031.500000, 126.500000, 937.500000]
[02abr2025 00:16:41.155] [Server thread/INFO] [net.minecraft.server.MinecraftServer/]: [Marek8007: Teleported Marek8007 to -1329.500000, 93.500000, 271.500000]
[02abr2025 00:18:58.014] [Server thread/INFO] [net.minecraft.server.MinecraftServer/]: [Marek8007: Teleported Marek8007 to 4727.500000, 199.500000, 665.500000]
[02abr2025 00:20:04.909] [Server thread/INFO] [net.minecraft.server.MinecraftServer/]: [Marek8007: Teleported Marek8007 to -1329.500000, 93.500000, 271.500000]
[02abr2025 00:21:54.813] [Server thread/INFO] [net.minecraft.server.MinecraftServer/]: [Marek8007: Teleported Marek8007 to 4727.500000, 199.500000, 665.500000]
[02abr2025 00:22:01.477] [Server thread/INFO] [net.minecraft.server.MinecraftServer/]: [Marek8007: Teleported Marek8007 to -1329.500000, 93.500000, 271.500000]
[02abr2025 00:22:10.781] [Server thread/INFO] [net.minecraft.server.MinecraftServer/]: [Marek8007: Teleported Marek8007 to 4727.500000, 199.500000, 665.500000]
[02abr2025 00:22:18.748] [Server thread/INFO] [net.minecraft.server.MinecraftServer/]: [Marek8007: Teleported Marek8007 to 4727.500000, 199.500000, 665.500000]
[02abr2025 00:22:20.714] [Server thread/INFO] [net.minecraft.server.MinecraftServer/]: [Marek8007: Teleported Marek8007 to -1329.500000, 93.500000, 271.500000]
[02abr2025 00:22:25.352] [Server thread/INFO] [net.minecraft.server.MinecraftServer/]: [Marek8007: Teleported Marek8007 to 4727.500000, 199.500000, 665.500000]
[02abr2025 00:22:56.289] [Server thread/INFO] [net.minecraft.server.MinecraftServer/]: [Marek8007: Teleported Marek8007 to -1329.500000, 93.500000, 271.500000]
[02abr2025 00:24:14.049] [Server thread/INFO] [net.minecraft.world.entity.npc.Villager/]: Villager Villager['Unemployed'/55654, l='ServerLevel[La cousa]', x=-1301.39, y=85.00, z=255.12] died, message: 'Unemployed was slain by Zombie'
[02abr2025 00:24:30.800] [Server thread/INFO] [net.minecraft.world.entity.npc.Villager/]: Villager Villager['Unemployed'/55651, l='ServerLevel[La cousa]', x=-1302.07, y=85.00, z=258.70] died, message: 'Unemployed was slain by Zombie'
[02abr2025 00:24:50.501] [Server thread/INFO] [net.minecraft.server.MinecraftServer/]: [Marek8007: Teleported Marek8007 to 4727.500000, 199.500000, 665.500000]
[02abr2025 00:29:48.498] [Server thread/INFO] [net.minecraft.server.network.ServerGamePacketListenerImpl/]: Marek8007 lost connection: Disconnected
[02abr2025 00:29:48.499] [Server thread/INFO] [net.minecraft.server.MinecraftServer/]: Marek8007 left the game
[02abr2025 00:30:01.442] [Server thread/INFO] [net.minecraft.server.MinecraftServer/]: Stopping server
[02abr2025 00:30:01.443] [Server thread/INFO] [net.minecraft.server.MinecraftServer/]: Saving players
[02abr2025 00:30:01.443] [Physics thread/INFO] [Burger Factory/]: Deleting VSPhysicsPipelineStage resources!
[02abr2025 00:30:01.445] [Server thread/INFO] [net.minecraft.server.MinecraftServer/]: Saving worlds
[02abr2025 00:30:01.449] [Physics thread/WARN] [org.valkyrienskies.core.impl.shadow.Ap/]: Physics pipeline ending
[02abr2025 00:30:01.563] [Server thread/INFO] [net.minecraft.server.MinecraftServer/]: Saving chunks for level 'ServerLevel[La cousa]'/minecraft:overworld
[02abr2025 00:30:01.649] [DefaultDispatcher-worker-4/INFO] [Burger Factory/]: VSPhysicsPipelineStage is fully deleted!
[02abr2025 00:30:01.728] [Server thread/INFO] [net.minecraft.server.MinecraftServer/]: Saving chunks for level 'ServerLevel[La cousa]'/minecraft:the_end
[02abr2025 00:30:01.730] [Server thread/INFO] [net.minecraft.server.MinecraftServer/]: Saving chunks for level 'ServerLevel[La cousa]'/minecraft:the_nether
[02abr2025 00:30:01.737] [Server thread/INFO] [net.minecraft.server.MinecraftServer/]: Saving chunks for level 'ServerLevel[La cousa]'/ae2:spatial_storage
[02abr2025 00:30:01.830] [Server thread/INFO] [net.minecraft.server.MinecraftServer/]: ThreadedAnvilChunkStorage (La cousa): All chunks are saved
[02abr2025 00:30:01.830] [Server thread/INFO] [net.minecraft.server.MinecraftServer/]: ThreadedAnvilChunkStorage (DIM1): All chunks are saved
[02abr2025 00:30:01.831] [Server thread/INFO] [net.minecraft.server.MinecraftServer/]: ThreadedAnvilChunkStorage (DIM-1): All chunks are saved
[02abr2025 00:30:01.831] [Server thread/INFO] [net.minecraft.server.MinecraftServer/]: ThreadedAnvilChunkStorage (spatial_storage): All chunks are saved
[02abr2025 00:30:01.831] [Server thread/INFO] [net.minecraft.server.MinecraftServer/]: ThreadedAnvilChunkStorage: All dimensions are saved
[02abr2025 00:30:01.964] [Server thread/INFO] [Framework/]: Unloading server configs...
